  Determining projects to restore...
/usr/local/share/dotnet/sdk/8.0.303/Sdks/Microsoft.NET.Sdk/targets/Microsoft.NET.Sdk.DefaultItems.Shared.targets(152,5): warning NETSDK1023: A PackageReference for 'NETStandard.Library' was included in your project. This package is implicitly referenced by the .NET SDK and you do not typically need to reference it from your project. For more information, see https://aka.ms/sdkimplicitrefs [/Users/ianfrelinger/RiderProjects/Nexo/src/Nexo.Core.Domain/Nexo.Core.Domain.csproj::TargetFramework=netstandard2.0]
/Users/ianfrelinger/RiderProjects/Nexo/tests/Nexo.Shared.Tests/Nexo.Shared.Tests.csproj : warning NU1701: Package 'xunit.runner.visualstudio 2.5.6' was restored using '.NETFramework,Version=v4.6.1, .NETFramework,Version=v4.6.2, .NETFramework,Version=v4.7, .NETFramework,Version=v4.7.1, .NETFramework,Version=v4.7.2, .NETFramework,Version=v4.8, .NETFramework,Version=v4.8.1' instead of the project target framework '.NETStandard,Version=v2.0'. This package may not be fully compatible with your project. [/Users/ianfrelinger/RiderProjects/Nexo/Nexo.sln]
  All projects are up-to-date for restore.
/usr/local/share/dotnet/sdk/8.0.303/Sdks/Microsoft.NET.Sdk/targets/Microsoft.NET.Sdk.DefaultItems.Shared.targets(152,5): warning NETSDK1023: A PackageReference for 'NETStandard.Library' was included in your project. This package is implicitly referenced by the .NET SDK and you do not typically need to reference it from your project. For more information, see https://aka.ms/sdkimplicitrefs [/Users/ianfrelinger/RiderProjects/Nexo/src/Nexo.Core.Domain/Nexo.Core.Domain.csproj::TargetFramework=netstandard2.0]
  Nexo.Core.Domain -> /Users/ianfrelinger/RiderProjects/Nexo/src/Nexo.Core.Domain/bin/Debug/netstandard2.0/Nexo.Core.Domain.dll
  Nexo.Core.Domain -> /Users/ianfrelinger/RiderProjects/Nexo/src/Nexo.Core.Domain/bin/Debug/net48/Nexo.Core.Domain.dll
/Users/ianfrelinger/RiderProjects/Nexo/tests/Nexo.Shared.Tests/Nexo.Shared.Tests.csproj : warning NU1701: Package 'xunit.runner.visualstudio 2.5.6' was restored using '.NETFramework,Version=v4.6.1, .NETFramework,Version=v4.6.2, .NETFramework,Version=v4.7, .NETFramework,Version=v4.7.1, .NETFramework,Version=v4.7.2, .NETFramework,Version=v4.8, .NETFramework,Version=v4.8.1' instead of the project target framework '.NETStandard,Version=v2.0'. This package may not be fully compatible with your project. [TargetFramework=net8.0]
  Nexo.Core.Domain -> /Users/ianfrelinger/RiderProjects/Nexo/src/Nexo.Core.Domain/bin/Debug/net8.0/Nexo.Core.Domain.dll
  Nexo.Shared -> /Users/ianfrelinger/RiderProjects/Nexo/src/Nexo.Shared/bin/Debug/net48/Nexo.Shared.dll
  Nexo.Shared -> /Users/ianfrelinger/RiderProjects/Nexo/src/Nexo.Shared/bin/Debug/net8.0/Nexo.Shared.dll
  Nexo.Feature.Validation -> /Users/ianfrelinger/RiderProjects/Nexo/src/Nexo.Feature.Validation/bin/Debug/net48/Nexo.Feature.Validation.dll
  Nexo.Feature.Logging -> /Users/ianfrelinger/RiderProjects/Nexo/src/Nexo.Feature.Logging/bin/Debug/net48/Nexo.Feature.Logging.dll
  Nexo.Feature.AI -> /Users/ianfrelinger/RiderProjects/Nexo/src/Nexo.Feature.AI/bin/Debug/net48/Nexo.Feature.AI.dll
  Nexo.Feature.Container -> /Users/ianfrelinger/RiderProjects/Nexo/src/Nexo.Feature.Container/bin/Debug/net48/Nexo.Feature.Container.dll
  Nexo.Feature.Plugin -> /Users/ianfrelinger/RiderProjects/Nexo/src/Nexo.Feature.Plugin/bin/Debug/net48/Nexo.Feature.Plugin.dll
  Nexo.Core.Domain.Tests -> /Users/ianfrelinger/RiderProjects/Nexo/tests/Nexo.Core.Domain.Tests/bin/Debug/net8.0/Nexo.Core.Domain.Tests.dll
  Nexo.Feature.Pipeline -> /Users/ianfrelinger/RiderProjects/Nexo/src/Nexo.Feature.Pipeline/bin/Debug/net48/Nexo.Feature.Pipeline.dll
  Nexo.Shared -> /Users/ianfrelinger/RiderProjects/Nexo/src/Nexo.Shared/bin/Debug/netstandard2.0/Nexo.Shared.dll
  Nexo.Feature.Platform -> /Users/ianfrelinger/RiderProjects/Nexo/src/Nexo.Feature.Platform/bin/Debug/net48/Nexo.Feature.Platform.dll
  Nexo.Feature.Logging -> /Users/ianfrelinger/RiderProjects/Nexo/src/Nexo.Feature.Logging/bin/Debug/netstandard2.0/Nexo.Feature.Logging.dll
  Nexo.Feature.Container -> /Users/ianfrelinger/RiderProjects/Nexo/src/Nexo.Feature.Container/bin/Debug/netstandard2.0/Nexo.Feature.Container.dll
  Nexo.Feature.Platform -> /Users/ianfrelinger/RiderProjects/Nexo/src/Nexo.Feature.Platform/bin/Debug/netstandard2.0/Nexo.Feature.Platform.dll
  Nexo.Feature.AI -> /Users/ianfrelinger/RiderProjects/Nexo/src/Nexo.Feature.AI/bin/Debug/netstandard2.0/Nexo.Feature.AI.dll
  Nexo.Feature.Pipeline -> /Users/ianfrelinger/RiderProjects/Nexo/src/Nexo.Feature.Pipeline/bin/Debug/net8.0/Nexo.Feature.Pipeline.dll
  Nexo.Feature.Plugin -> /Users/ianfrelinger/RiderProjects/Nexo/src/Nexo.Feature.Plugin/bin/Debug/netstandard2.0/Nexo.Feature.Plugin.dll
  Nexo.Feature.Logging -> /Users/ianfrelinger/RiderProjects/Nexo/src/Nexo.Feature.Logging/bin/Debug/net8.0/Nexo.Feature.Logging.dll
  Nexo.Feature.Plugin -> /Users/ianfrelinger/RiderProjects/Nexo/src/Nexo.Feature.Plugin/bin/Debug/net8.0/Nexo.Feature.Plugin.dll
  Nexo.Feature.Platform -> /Users/ianfrelinger/RiderProjects/Nexo/src/Nexo.Feature.Platform/bin/Debug/net8.0/Nexo.Feature.Platform.dll
  Nexo.Feature.Container -> /Users/ianfrelinger/RiderProjects/Nexo/src/Nexo.Feature.Container/bin/Debug/net8.0/Nexo.Feature.Container.dll
  Nexo.Feature.Pipeline -> /Users/ianfrelinger/RiderProjects/Nexo/src/Nexo.Feature.Pipeline/bin/Debug/netstandard2.0/Nexo.Feature.Pipeline.dll
  Nexo.Feature.AI -> /Users/ianfrelinger/RiderProjects/Nexo/src/Nexo.Feature.AI/bin/Debug/net8.0/Nexo.Feature.AI.dll
  Nexo.Feature.Validation -> /Users/ianfrelinger/RiderProjects/Nexo/src/Nexo.Feature.Validation/bin/Debug/net8.0/Nexo.Feature.Validation.dll
  Nexo.Feature.Validation -> /Users/ianfrelinger/RiderProjects/Nexo/src/Nexo.Feature.Validation/bin/Debug/netstandard2.0/Nexo.Feature.Validation.dll
  Nexo.Shared.Tests -> /Users/ianfrelinger/RiderProjects/Nexo/tests/Nexo.Shared.Tests/bin/Debug/net8.0/Nexo.Shared.Tests.dll
  Nexo.Core.Application -> /Users/ianfrelinger/RiderProjects/Nexo/src/Nexo.Core.Application/bin/Debug/net48/Nexo.Core.Application.dll
  Nexo.Core.Application -> /Users/ianfrelinger/RiderProjects/Nexo/src/Nexo.Core.Application/bin/Debug/netstandard2.0/Nexo.Core.Application.dll
  Nexo.Feature.Agent -> /Users/ianfrelinger/RiderProjects/Nexo/src/Nexo.Feature.Agent/bin/Debug/net48/Nexo.Feature.Agent.dll
  Nexo.Feature.Analysis -> /Users/ianfrelinger/RiderProjects/Nexo/src/Nexo.Feature.Analysis/bin/Debug/net48/Nexo.Feature.Analysis.dll
  Nexo.Infrastructure -> /Users/ianfrelinger/RiderProjects/Nexo/src/Nexo.Infrastructure/bin/Debug/net48/Nexo.Infrastructure.dll
/usr/local/share/dotnet/sdk/8.0.303/Microsoft.Common.CurrentVersion.targets(2401,5): warning MSB3245: Could not resolve this reference. Could not locate the assembly "System.Net.Http". Check to make sure the assembly exists on disk. If this reference is required by your code, you may get compilation errors. [/Users/ianfrelinger/RiderProjects/Nexo/src/Nexo.Infrastructure/Nexo.Infrastructure.csproj::TargetFramework=netstandard2.0]
/usr/local/share/dotnet/sdk/8.0.303/Microsoft.Common.CurrentVersion.targets(2401,5): warning MSB3243: No way to resolve conflict between "System.Net.Http, Version=4.1.2.0, Culture=neutral, PublicKeyToken=b03f5f7f11d50a3a" and "System.Net.Http". Choosing "System.Net.Http, Version=4.1.2.0, Culture=neutral, PublicKeyToken=b03f5f7f11d50a3a" arbitrarily. [/Users/ianfrelinger/RiderProjects/Nexo/src/Nexo.Infrastructure/Nexo.Infrastructure.csproj::TargetFramework=netstandard2.0]
  Nexo.Feature.Agent -> /Users/ianfrelinger/RiderProjects/Nexo/src/Nexo.Feature.Agent/bin/Debug/netstandard2.0/Nexo.Feature.Agent.dll
  Nexo.Core.Application -> /Users/ianfrelinger/RiderProjects/Nexo/src/Nexo.Core.Application/bin/Debug/net8.0/Nexo.Core.Application.dll
  Nexo.Feature.Analysis -> /Users/ianfrelinger/RiderProjects/Nexo/src/Nexo.Feature.Analysis/bin/Debug/netstandard2.0/Nexo.Feature.Analysis.dll
  Nexo.Infrastructure -> /Users/ianfrelinger/RiderProjects/Nexo/src/Nexo.Infrastructure/bin/Debug/netstandard2.0/Nexo.Infrastructure.dll
  Nexo.Feature.Project -> /Users/ianfrelinger/RiderProjects/Nexo/src/Nexo.Feature.Project/bin/Debug/net48/Nexo.Feature.Project.dll
/usr/local/share/dotnet/sdk/8.0.303/Microsoft.Common.CurrentVersion.targets(2401,5): warning MSB3245: Could not resolve this reference. Could not locate the assembly "System.Net.Http". Check to make sure the assembly exists on disk. If this reference is required by your code, you may get compilation errors. [/Users/ianfrelinger/RiderProjects/Nexo/src/Nexo.Infrastructure/Nexo.Infrastructure.csproj::TargetFramework=net8.0]
/usr/local/share/dotnet/sdk/8.0.303/Microsoft.Common.CurrentVersion.targets(2401,5): warning MSB3243: No way to resolve conflict between "System.Net.Http, Version=8.0.0.0, Culture=neutral, PublicKeyToken=b03f5f7f11d50a3a" and "System.Net.Http". Choosing "System.Net.Http, Version=8.0.0.0, Culture=neutral, PublicKeyToken=b03f5f7f11d50a3a" arbitrarily. [/Users/ianfrelinger/RiderProjects/Nexo/src/Nexo.Infrastructure/Nexo.Infrastructure.csproj::TargetFramework=net8.0]
  Nexo.Feature.Agent -> /Users/ianfrelinger/RiderProjects/Nexo/src/Nexo.Feature.Agent/bin/Debug/net8.0/Nexo.Feature.Agent.dll
  Nexo.Infrastructure -> /Users/ianfrelinger/RiderProjects/Nexo/src/Nexo.Infrastructure/bin/Debug/net8.0/Nexo.Infrastructure.dll
  Nexo.Feature.Pipeline.Tests -> /Users/ianfrelinger/RiderProjects/Nexo/tests/Nexo.Feature.Pipeline.Tests/bin/Debug/net8.0/Nexo.Feature.Pipeline.Tests.dll
  Nexo.Core.Application.Tests -> /Users/ianfrelinger/RiderProjects/Nexo/tests/Nexo.Core.Application.Tests/bin/Debug/net8.0/Nexo.Core.Application.Tests.dll
  Nexo.Feature.Project -> /Users/ianfrelinger/RiderProjects/Nexo/src/Nexo.Feature.Project/bin/Debug/netstandard2.0/Nexo.Feature.Project.dll
  Nexo.Feature.Analysis -> /Users/ianfrelinger/RiderProjects/Nexo/src/Nexo.Feature.Analysis/bin/Debug/net8.0/Nexo.Feature.Analysis.dll
  Nexo.Feature.Template -> /Users/ianfrelinger/RiderProjects/Nexo/src/Nexo.Feature.Template/bin/Debug/net8.0/Nexo.Feature.Template.dll
  Nexo.Infrastructure.Tests -> /Users/ianfrelinger/RiderProjects/Nexo/tests/Nexo.Infrastructure.Tests/bin/Debug/net8.0/Nexo.Infrastructure.Tests.dll
  Nexo.Feature.Project -> /Users/ianfrelinger/RiderProjects/Nexo/src/Nexo.Feature.Project/bin/Debug/net8.0/Nexo.Feature.Project.dll
/Users/ianfrelinger/RiderProjects/Nexo/tests/Nexo.Feature.AI.Tests/Phase2IntegrationTests.cs(38,41): error CS0104: 'LogLevel' is an ambiguous reference between 'Nexo.Core.Application.Enums.LogLevel' and 'Microsoft.Extensions.Logging.LogLevel' [/Users/ianfrelinger/RiderProjects/Nexo/tests/Nexo.Feature.AI.Tests/Nexo.Feature.AI.Tests.csproj]
/Users/ianfrelinger/RiderProjects/Nexo/tests/Nexo.Feature.AI.Tests/Phase2IntegrationTests.cs(43,22): error CS0311: The type 'Nexo.Infrastructure.Services.AI.ModelOrchestrator' cannot be used as type parameter 'TImplementation' in the generic type or method 'ServiceCollectionServiceExtensions.AddSingleton<TService, TImplementation>(IServiceCollection)'. There is no implicit reference conversion from 'Nexo.Infrastructure.Services.AI.ModelOrchestrator' to 'Nexo.Core.Application.Interfaces.AI.IModelOrchestrator'. [/Users/ianfrelinger/RiderProjects/Nexo/tests/Nexo.Feature.AI.Tests/Nexo.Feature.AI.Tests.csproj]
/Users/ianfrelinger/RiderProjects/Nexo/tests/Nexo.Feature.AI.Tests/Phase2IntegrationTests.cs(63,58): error CS0103: The name 'ModelType' does not exist in the current context [/Users/ianfrelinger/RiderProjects/Nexo/tests/Nexo.Feature.AI.Tests/Nexo.Feature.AI.Tests.csproj]
/Users/ianfrelinger/RiderProjects/Nexo/tests/Nexo.Feature.AI.Tests/Phase2IntegrationTests.cs(63,26): error CS1061: 'MockModelProvider' does not contain a definition for 'AddMockModel' and no accessible extension method 'AddMockModel' accepting a first argument of type 'MockModelProvider' could be found (are you missing a using directive or an assembly reference?) [/Users/ianfrelinger/RiderProjects/Nexo/tests/Nexo.Feature.AI.Tests/Nexo.Feature.AI.Tests.csproj]

Build FAILED.

/usr/local/share/dotnet/sdk/8.0.303/Sdks/Microsoft.NET.Sdk/targets/Microsoft.NET.Sdk.DefaultItems.Shared.targets(152,5): warning NETSDK1023: A PackageReference for 'NETStandard.Library' was included in your project. This package is implicitly referenced by the .NET SDK and you do not typically need to reference it from your project. For more information, see https://aka.ms/sdkimplicitrefs [/Users/ianfrelinger/RiderProjects/Nexo/src/Nexo.Core.Domain/Nexo.Core.Domain.csproj::TargetFramework=netstandard2.0]
/Users/ianfrelinger/RiderProjects/Nexo/tests/Nexo.Shared.Tests/Nexo.Shared.Tests.csproj : warning NU1701: Package 'xunit.runner.visualstudio 2.5.6' was restored using '.NETFramework,Version=v4.6.1, .NETFramework,Version=v4.6.2, .NETFramework,Version=v4.7, .NETFramework,Version=v4.7.1, .NETFramework,Version=v4.7.2, .NETFramework,Version=v4.8, .NETFramework,Version=v4.8.1' instead of the project target framework '.NETStandard,Version=v2.0'. This package may not be fully compatible with your project. [/Users/ianfrelinger/RiderProjects/Nexo/Nexo.sln]
/usr/local/share/dotnet/sdk/8.0.303/Sdks/Microsoft.NET.Sdk/targets/Microsoft.NET.Sdk.DefaultItems.Shared.targets(152,5): warning NETSDK1023: A PackageReference for 'NETStandard.Library' was included in your project. This package is implicitly referenced by the .NET SDK and you do not typically need to reference it from your project. For more information, see https://aka.ms/sdkimplicitrefs [/Users/ianfrelinger/RiderProjects/Nexo/src/Nexo.Core.Domain/Nexo.Core.Domain.csproj::TargetFramework=netstandard2.0]
/Users/ianfrelinger/RiderProjects/Nexo/tests/Nexo.Shared.Tests/Nexo.Shared.Tests.csproj : warning NU1701: Package 'xunit.runner.visualstudio 2.5.6' was restored using '.NETFramework,Version=v4.6.1, .NETFramework,Version=v4.6.2, .NETFramework,Version=v4.7, .NETFramework,Version=v4.7.1, .NETFramework,Version=v4.7.2, .NETFramework,Version=v4.8, .NETFramework,Version=v4.8.1' instead of the project target framework '.NETStandard,Version=v2.0'. This package may not be fully compatible with your project. [TargetFramework=net8.0]
/usr/local/share/dotnet/sdk/8.0.303/Microsoft.Common.CurrentVersion.targets(2401,5): warning MSB3245: Could not resolve this reference. Could not locate the assembly "System.Net.Http". Check to make sure the assembly exists on disk. If this reference is required by your code, you may get compilation errors. [/Users/ianfrelinger/RiderProjects/Nexo/src/Nexo.Infrastructure/Nexo.Infrastructure.csproj::TargetFramework=netstandard2.0]
/usr/local/share/dotnet/sdk/8.0.303/Microsoft.Common.CurrentVersion.targets(2401,5): warning MSB3243: No way to resolve conflict between "System.Net.Http, Version=4.1.2.0, Culture=neutral, PublicKeyToken=b03f5f7f11d50a3a" and "System.Net.Http". Choosing "System.Net.Http, Version=4.1.2.0, Culture=neutral, PublicKeyToken=b03f5f7f11d50a3a" arbitrarily. [/Users/ianfrelinger/RiderProjects/Nexo/src/Nexo.Infrastructure/Nexo.Infrastructure.csproj::TargetFramework=netstandard2.0]
/usr/local/share/dotnet/sdk/8.0.303/Microsoft.Common.CurrentVersion.targets(2401,5): warning MSB3245: Could not resolve this reference. Could not locate the assembly "System.Net.Http". Check to make sure the assembly exists on disk. If this reference is required by your code, you may get compilation errors. [/Users/ianfrelinger/RiderProjects/Nexo/src/Nexo.Infrastructure/Nexo.Infrastructure.csproj::TargetFramework=net8.0]
/usr/local/share/dotnet/sdk/8.0.303/Microsoft.Common.CurrentVersion.targets(2401,5): warning MSB3243: No way to resolve conflict between "System.Net.Http, Version=8.0.0.0, Culture=neutral, PublicKeyToken=b03f5f7f11d50a3a" and "System.Net.Http". Choosing "System.Net.Http, Version=8.0.0.0, Culture=neutral, PublicKeyToken=b03f5f7f11d50a3a" arbitrarily. [/Users/ianfrelinger/RiderProjects/Nexo/src/Nexo.Infrastructure/Nexo.Infrastructure.csproj::TargetFramework=net8.0]
/Users/ianfrelinger/RiderProjects/Nexo/tests/Nexo.Feature.AI.Tests/Phase2IntegrationTests.cs(38,41): error CS0104: 'LogLevel' is an ambiguous reference between 'Nexo.Core.Application.Enums.LogLevel' and 'Microsoft.Extensions.Logging.LogLevel' [/Users/ianfrelinger/RiderProjects/Nexo/tests/Nexo.Feature.AI.Tests/Nexo.Feature.AI.Tests.csproj]
/Users/ianfrelinger/RiderProjects/Nexo/tests/Nexo.Feature.AI.Tests/Phase2IntegrationTests.cs(43,22): error CS0311: The type 'Nexo.Infrastructure.Services.AI.ModelOrchestrator' cannot be used as type parameter 'TImplementation' in the generic type or method 'ServiceCollectionServiceExtensions.AddSingleton<TService, TImplementation>(IServiceCollection)'. There is no implicit reference conversion from 'Nexo.Infrastructure.Services.AI.ModelOrchestrator' to 'Nexo.Core.Application.Interfaces.AI.IModelOrchestrator'. [/Users/ianfrelinger/RiderProjects/Nexo/tests/Nexo.Feature.AI.Tests/Nexo.Feature.AI.Tests.csproj]
/Users/ianfrelinger/RiderProjects/Nexo/tests/Nexo.Feature.AI.Tests/Phase2IntegrationTests.cs(63,58): error CS0103: The name 'ModelType' does not exist in the current context [/Users/ianfrelinger/RiderProjects/Nexo/tests/Nexo.Feature.AI.Tests/Nexo.Feature.AI.Tests.csproj]
/Users/ianfrelinger/RiderProjects/Nexo/tests/Nexo.Feature.AI.Tests/Phase2IntegrationTests.cs(63,26): error CS1061: 'MockModelProvider' does not contain a definition for 'AddMockModel' and no accessible extension method 'AddMockModel' accepting a first argument of type 'MockModelProvider' could be found (are you missing a using directive or an assembly reference?) [/Users/ianfrelinger/RiderProjects/Nexo/tests/Nexo.Feature.AI.Tests/Nexo.Feature.AI.Tests.csproj]
    8 Warning(s)
    4 Error(s)

Time Elapsed 00:00:01.41
